\BOOKMARK [1][-]{section.1}{Summary}{}% 1
\BOOKMARK [1][-]{section.2}{Introduction}{}% 2
\BOOKMARK [2][-]{subsection.2.1}{Heterogeneous data, producers and value}{section.2}% 3
\BOOKMARK [2][-]{subsection.2.2}{A theoritical framework}{section.2}% 4
\BOOKMARK [1][-]{section.3}{An application to Open Data}{}% 5
\BOOKMARK [2][-]{subsection.3.1}{Open and heterogeneous data}{section.3}% 6
\BOOKMARK [2][-]{subsection.3.2}{How can we reuse the data}{section.3}% 7
\BOOKMARK [2][-]{subsection.3.3}{An academic angle}{section.3}% 8
\BOOKMARK [2][-]{subsection.3.4}{Internship's goal}{section.3}% 9
\BOOKMARK [1][-]{section.4}{From a bunch of heterogeneous data to a recommendation system}{}% 10
\BOOKMARK [2][-]{subsection.4.1}{Build a database}{section.4}% 11
\BOOKMARK [2][-]{subsection.4.2}{Clean and filter data}{section.4}% 12
\BOOKMARK [2][-]{subsection.4.3}{Build a file embedding}{section.4}% 13
\BOOKMARK [2][-]{subsection.4.4}{Find neighborhood}{section.4}% 14
\BOOKMARK [1][-]{section.5}{Results and validation}{}% 15
\BOOKMARK [2][-]{subsection.5.1}{Downloaded and cleaned files}{section.5}% 16
\BOOKMARK [2][-]{subsection.5.2}{Metrics and cross-validation framework}{section.5}% 17
\BOOKMARK [2][-]{subsection.5.3}{Results}{section.5}% 18
\BOOKMARK [3][-]{subsubsection.5.3.1}{Optimal parametrization}{subsection.5.3}% 19
\BOOKMARK [3][-]{subsubsection.5.3.2}{Topics and Wordclouds}{subsection.5.3}% 20
\BOOKMARK [3][-]{subsubsection.5.3.3}{Reuse prediction}{subsection.5.3}% 21
\BOOKMARK [1][-]{section.6}{Discussion}{}% 22
\BOOKMARK [2][-]{subsection.6.1}{Limitations}{section.6}% 23
\BOOKMARK [2][-]{subsection.6.2}{Problems}{section.6}% 24
\BOOKMARK [2][-]{subsection.6.3}{Future work}{section.6}% 25
\BOOKMARK [1][-]{section.7}{Conclusion}{}% 26
\BOOKMARK [1][-]{section.8}{Annexes}{}% 27
